---------------------------------------
Tabu-log initiated: 05-Nov-2015 11:45:33

Error loading dataAttempt to reference field of non-structure array.

Error in <a href="matlab:matlab.internal.language.introspective.errorDocCallback('GetData', '/edu/vicbe348/Repo/optimore/tabu/src/main/tabu/GetData.m', 13)" style="font-weight:bold">GetData</a> (<a href="matlab: opentoline('/edu/vicbe348/Repo/optimore/tabu/src/main/tabu/GetData.m',13,0)">line 13</a>)
    timelineAttr = load( ...

Error in <a href="matlab:matlab.internal.language.introspective.errorDocCallback('tabumain', '/edu/vicbe348/Repo/optimore/tabu/src/main/tabu/tabumain.m', 27)" style="font-weight:bold">tabumain</a> (<a href="matlab: opentoline('/edu/vicbe348/Repo/optimore/tabu/src/main/tabu/tabumain.m',27,0)">line 27</a>)
    data = GetData(dataParameters,logfile);

Error in <a href="matlab:matlab.internal.language.introspective.errorDocCallback('mainlauncher', '/edu/vicbe348/Repo/optimore/tabu/mainlauncher.m', 45)" style="font-weight:bold">mainlauncher</a> (<a href="matlab: opentoline('/edu/vicbe348/Repo/optimore/tabu/mainlauncher.m',45,0)">line 45</a>)
                status.tabu = tabumain(dataParameters, ...

Error in <a href="matlab:matlab.internal.language.introspective.errorDocCallback('maingui', '/edu/vicbe348/Repo/optimore/tabu/maingui.m', 29)" style="font-weight:bold">maingui</a> (<a href="matlab: opentoline('/edu/vicbe348/Repo/optimore/tabu/maingui.m',29,0)">line 29</a>)
status = mainlauncher(dataParameters, modelParameters);
Attempt to reference field of non-structure array.

Error in <a href="matlab:matlab.internal.language.introspective.errorDocCallback('GetData', '/edu/vicbe348/Repo/optimore/tabu/src/main/tabu/GetData.m', 13)" style="font-weight:bold">GetData</a> (<a href="matlab: opentoline('/edu/vicbe348/Repo/optimore/tabu/src/main/tabu/GetData.m',13,0)">line 13</a>)
    timelineAttr = load( ...

Error in <a href="matlab:matlab.internal.language.introspective.errorDocCallback('tabumain', '/edu/vicbe348/Repo/optimore/tabu/src/main/tabu/tabumain.m', 27)" style="font-weight:bold">tabumain</a> (<a href="matlab: opentoline('/edu/vicbe348/Repo/optimore/tabu/src/main/tabu/tabumain.m',27,0)">line 27</a>)
    data = GetData(dataParameters,logfile);

Error in <a href="matlab:matlab.internal.language.introspective.errorDocCallback('mainlauncher', '/edu/vicbe348/Repo/optimore/tabu/mainlauncher.m', 45)" style="font-weight:bold">mainlauncher</a> (<a href="matlab: opentoline('/edu/vicbe348/Repo/optimore/tabu/mainlauncher.m',45,0)">line 45</a>)
                status.tabu = tabumain(dataParameters, ...

Error in <a href="matlab:matlab.internal.language.introspective.errorDocCallback('maingui', '/edu/vicbe348/Repo/optimore/tabu/maingui.m', 29)" style="font-weight:bold">maingui</a> (<a href="matlab: opentoline('/edu/vicbe348/Repo/optimore/tabu/maingui.m',29,0)">line 29</a>)
status = mainlauncher(dataParameters, modelParameters);

Closing tabu-log due to fatal error: 05-Nov-2015 11:45:33
---------------------------------------
