---------------------------------------
Tabu-log initiated: 05-Nov-2015 10:09:15

Result file created: target/results/results_2015-11-05T10-09-11/tabu

Iteration nr: 1. Calculated 48 actions. Lowest cost is 1104.
Calculated 48 actions. Lowest cost is 1104.
Iteration nr: 1. Iteration nr: 2. Calculated 48 actions. Lowest cost is 904.
Calculated 48 actions. Lowest cost is 904.
Iteration nr: 2. Iteration nr: 3. Calculated 48 actions. Lowest cost is 793.
Calculated 48 actions. Lowest cost is 793.
Iteration nr: 3. Iteration nr: 4. Calculated 48 actions. Lowest cost is 618.
Calculated 48 actions. Lowest cost is 618.
Iteration nr: 4. Iteration nr: 5. Calculated 48 actions. Lowest cost is 589.
Calculated 48 actions. Lowest cost is 589.
Iteration nr: 5. Iteration nr: 6. Calculated 48 actions. Lowest cost is 568.
Calculated 48 actions. Lowest cost is 568.
Iteration nr: 6. Iteration nr: 7. Calculated 48 actions. Lowest cost is 563.
Calculated 48 actions. Lowest cost is 563.
Iteration nr: 7. Iteration nr: 8. Calculated 48 actions. Lowest cost is 558.
Calculated 48 actions. Lowest cost is 558.
Iteration nr: 8. Iteration nr: 9. Calculated 48 actions. Lowest cost is 553.
Calculated 48 actions. Lowest cost is 553.
Iteration nr: 9. Iteration nr: 10. Calculated 48 actions. Lowest cost is 548.
Calculated 48 actions. Lowest cost is 548.
Iteration nr: 10. Iteration nr: 11. Calculated 48 actions. Lowest cost is 543.
Calculated 48 actions. Lowest cost is 543.
Iteration nr: 11. Iteration nr: 12. Calculated 48 actions. Lowest cost is 537.
Calculated 48 actions. Lowest cost is 537.
Iteration nr: 12. Iteration nr: 13. Calculated 48 actions. Lowest cost is 530.
Calculated 48 actions. Lowest cost is 530.
Iteration nr: 13. Iteration nr: 14. Calculated 48 actions. Lowest cost is 523.
Calculated 48 actions. Lowest cost is 523.
Iteration nr: 14. Iteration nr: 15. Calculated 48 actions. Lowest cost is 515.
Calculated 48 actions. Lowest cost is 515.
Iteration nr: 15. Iteration nr: 16. Calculated 48 actions. Lowest cost is 409.
Calculated 48 actions. Lowest cost is 409.
Iteration nr: 16. Iteration nr: 17. Calculated 48 actions. Lowest cost is 400.
Calculated 48 actions. Lowest cost is 400.
Iteration nr: 17. Iteration nr: 18. Calculated 48 actions. Lowest cost is 391.
Calculated 48 actions. Lowest cost is 391.
Iteration nr: 18. Iteration nr: 19. Calculated 48 actions. Lowest cost is 389.
Calculated 48 actions. Lowest cost is 389.
Iteration nr: 19. Iteration nr: 20. Calculated 48 actions. Lowest cost is 387.
Calculated 48 actions. Lowest cost is 387.
Iteration nr: 20. Iteration nr: 21. Calculated 48 actions. Lowest cost is 385.
Calculated 48 actions. Lowest cost is 385.
Iteration nr: 21. Iteration nr: 22. Calculated 48 actions. Lowest cost is 383.
Calculated 48 actions. Lowest cost is 383.
Iteration nr: 22. Iteration nr: 23. Calculated 48 actions. Lowest cost is 381.
Calculated 48 actions. Lowest cost is 381.
Iteration nr: 23. Iteration nr: 24. Calculated 48 actions. Lowest cost is 379.
Calculated 48 actions. Lowest cost is 379.
Iteration nr: 24. Iteration nr: 25. Calculated 48 actions. Lowest cost is 377.
Calculated 48 actions. Lowest cost is 377.
Iteration nr: 25. Iteration nr: 26. Calculated 48 actions. Lowest cost is 375.
Calculated 48 actions. Lowest cost is 375.
Iteration nr: 26. Iteration nr: 27. Calculated 48 actions. Lowest cost is 373.
Calculated 48 actions. Lowest cost is 373.
Iteration nr: 27. Iteration nr: 28. Calculated 48 actions. Lowest cost is 371.
Calculated 48 actions. Lowest cost is 371.
Iteration nr: 28. Iteration nr: 29. Calculated 48 actions. Lowest cost is 369.
Calculated 48 actions. Lowest cost is 369.
Iteration nr: 29. Iteration nr: 30. Calculated 48 actions. Lowest cost is 367.
Calculated 48 actions. Lowest cost is 367.
Iteration nr: 30. Iteration nr: 31. Calculated 48 actions. Lowest cost is 365.
Calculated 48 actions. Lowest cost is 365.
Iteration nr: 31. Iteration nr: 32. Calculated 48 actions. Lowest cost is 363.
Calculated 48 actions. Lowest cost is 363.
Iteration nr: 32. Iteration nr: 33. Calculated 48 actions. Lowest cost is 361.
Calculated 48 actions. Lowest cost is 361.
Iteration nr: 33. Iteration nr: 34. Calculated 48 actions. Lowest cost is 359.
Calculated 48 actions. Lowest cost is 359.
Iteration nr: 34. Iteration nr: 35. Calculated 48 actions. Lowest cost is 357.
Calculated 48 actions. Lowest cost is 357.
Iteration nr: 35. Iteration nr: 36. Calculated 48 actions. Lowest cost is 355.
Calculated 48 actions. Lowest cost is 355.
Iteration nr: 36. Iteration nr: 37. Calculated 48 actions. Lowest cost is 353.
Calculated 48 actions. Lowest cost is 353.
Iteration nr: 37. Iteration nr: 38. Calculated 48 actions. Lowest cost is 351.
Calculated 48 actions. Lowest cost is 351.
Iteration nr: 38. Iteration nr: 39. Calculated 48 actions. Lowest cost is 349.
Calculated 48 actions. Lowest cost is 349.
Iteration nr: 39. Iteration nr: 40. Calculated 48 actions. Lowest cost is 347.
Calculated 48 actions. Lowest cost is 347.
Iteration nr: 40. Iteration nr: 41. Calculated 48 actions. Lowest cost is 345.
Calculated 48 actions. Lowest cost is 345.
Iteration nr: 41. Iteration nr: 42. Calculated 48 actions. Lowest cost is 343.
Calculated 48 actions. Lowest cost is 343.
Iteration nr: 42. Iteration nr: 43. Calculated 48 actions. Lowest cost is 341.
Calculated 48 actions. Lowest cost is 341.
Iteration nr: 43. Iteration nr: 44. Calculated 48 actions. Lowest cost is 340.
Calculated 48 actions. Lowest cost is 340.
Iteration nr: 44. Iteration nr: 45. Calculated 48 actions. Lowest cost is 339.
Calculated 48 actions. Lowest cost is 339.
Iteration nr: 45. Iteration nr: 46. Calculated 48 actions. Lowest cost is 338.
Calculated 48 actions. Lowest cost is 338.
Iteration nr: 46. Iteration nr: 47. Calculated 48 actions. Lowest cost is 337.
Calculated 48 actions. Lowest cost is 337.
Iteration nr: 47. Iteration nr: 48. Calculated 48 actions. Lowest cost is 336.
Calculated 48 actions. Lowest cost is 336.
Iteration nr: 48. Iteration nr: 49. Calculated 48 actions. Lowest cost is 335.
Calculated 48 actions. Lowest cost is 335.
Iteration nr: 49. Iteration nr: 50. Calculated 48 actions. Lowest cost is 334.
Calculated 48 actions. Lowest cost is 334.
Iteration nr: 50. Iteration nr: 51. Calculated 48 actions. Lowest cost is 333.
Calculated 48 actions. Lowest cost is 333.
Iteration nr: 51. Iteration nr: 52. Calculated 48 actions. Lowest cost is 332.
Calculated 48 actions. Lowest cost is 332.
Iteration nr: 52. Iteration nr: 53. Calculated 48 actions. Lowest cost is 331.
Calculated 48 actions. Lowest cost is 331.
Iteration nr: 53. Iteration nr: 54. Calculated 48 actions. Lowest cost is 330.
Calculated 48 actions. Lowest cost is 330.
Iteration nr: 54. Iteration nr: 55. Calculated 48 actions. Lowest cost is 329.
Calculated 48 actions. Lowest cost is 329.
Iteration nr: 55. Iteration nr: 56. Calculated 48 actions. Lowest cost is 328.
Calculated 48 actions. Lowest cost is 328.
Iteration nr: 56. Iteration nr: 57. Calculated 48 actions. Lowest cost is 327.
Calculated 48 actions. Lowest cost is 327.
Iteration nr: 57. Iteration nr: 58. Calculated 48 actions. Lowest cost is 326.
Calculated 48 actions. Lowest cost is 326.
Iteration nr: 58. Iteration nr: 59. Calculated 48 actions. Lowest cost is 325.
Calculated 48 actions. Lowest cost is 325.
Iteration nr: 59. Iteration nr: 60. Calculated 48 actions. Lowest cost is 324.
Calculated 48 actions. Lowest cost is 324.
Iteration nr: 60. Iteration nr: 61. Calculated 48 actions. Lowest cost is 323.
Calculated 48 actions. Lowest cost is 323.
Iteration nr: 61. Iteration nr: 62. Calculated 48 actions. Lowest cost is 322.
Calculated 48 actions. Lowest cost is 322.
Iteration nr: 62. Iteration nr: 63. Calculated 48 actions. Lowest cost is 321.
Calculated 48 actions. Lowest cost is 321.
Iteration nr: 63. Iteration nr: 64. Calculated 48 actions. Lowest cost is 320.
Calculated 48 actions. Lowest cost is 320.
Iteration nr: 64. Iteration nr: 65. Calculated 48 actions. Lowest cost is 319.
Calculated 48 actions. Lowest cost is 319.
Iteration nr: 65. Iteration nr: 66. Calculated 48 actions. Lowest cost is 318.
Calculated 48 actions. Lowest cost is 318.
Iteration nr: 66. Iteration nr: 67. Calculated 48 actions. Lowest cost is 317.
Calculated 48 actions. Lowest cost is 317.
Iteration nr: 67. Iteration nr: 68. Calculated 48 actions. Lowest cost is 316.
Calculated 48 actions. Lowest cost is 316.
Iteration nr: 68. Iteration nr: 69. Calculated 48 actions. Lowest cost is 315.
Calculated 48 actions. Lowest cost is 315.
Iteration nr: 69. Iteration nr: 70. Calculated 48 actions. Lowest cost is 314.
Calculated 48 actions. Lowest cost is 314.
Iteration nr: 70. Iteration nr: 71. Calculated 48 actions. Lowest cost is 313.
Calculated 48 actions. Lowest cost is 313.
Iteration nr: 71. Iteration nr: 72. Calculated 48 actions. Lowest cost is 312.
Calculated 48 actions. Lowest cost is 312.
Iteration nr: 72. Iteration nr: 73. Calculated 48 actions. Lowest cost is 311.
Calculated 48 actions. Lowest cost is 311.
Iteration nr: 73. Iteration nr: 74. Calculated 48 actions. Lowest cost is 310.
Calculated 48 actions. Lowest cost is 310.
Iteration nr: 74. Iteration nr: 75. Calculated 48 actions. Lowest cost is 309.
Calculated 48 actions. Lowest cost is 309.
Iteration nr: 75. Iteration nr: 76. Calculated 48 actions. Lowest cost is 308.
Calculated 48 actions. Lowest cost is 308.
Iteration nr: 76. Iteration nr: 77. Calculated 48 actions. Lowest cost is 307.
Calculated 48 actions. Lowest cost is 307.
Iteration nr: 77. Iteration nr: 78. Calculated 48 actions. Lowest cost is 306.
Calculated 48 actions. Lowest cost is 306.
Iteration nr: 78. Iteration nr: 79. Calculated 48 actions. Lowest cost is 305.
Calculated 48 actions. Lowest cost is 305.
Iteration nr: 79. Iteration nr: 80. Calculated 48 actions. Lowest cost is 304.
Calculated 48 actions. Lowest cost is 304.
Iteration nr: 80. Iteration nr: 81. Calculated 48 actions. Lowest cost is 303.
Calculated 48 actions. Lowest cost is 303.
Iteration nr: 81. Iteration nr: 82. Calculated 48 actions. Lowest cost is 302.
Calculated 48 actions. Lowest cost is 302.
Iteration nr: 82. Iteration nr: 83. Calculated 48 actions. Lowest cost is 301.
Calculated 48 actions. Lowest cost is 301.
Iteration nr: 83. Iteration nr: 84. Calculated 48 actions. Lowest cost is 300.
Calculated 48 actions. Lowest cost is 300.
Iteration nr: 84. Iteration nr: 85. Calculated 48 actions. Lowest cost is 299.
Calculated 48 actions. Lowest cost is 299.
Iteration nr: 85. Iteration nr: 86. Calculated 48 actions. Lowest cost is 298.
Calculated 48 actions. Lowest cost is 298.
Iteration nr: 86. Iteration nr: 87. Calculated 48 actions. Lowest cost is 297.
Calculated 48 actions. Lowest cost is 297.
Iteration nr: 87. Iteration nr: 88. Calculated 48 actions. Lowest cost is 296.
Calculated 48 actions. Lowest cost is 296.
Iteration nr: 88. Iteration nr: 89. Calculated 48 actions. Lowest cost is 295.
Calculated 48 actions. Lowest cost is 295.
Iteration nr: 89. Iteration nr: 90. Calculated 48 actions. Lowest cost is 294.
Calculated 48 actions. Lowest cost is 294.
Iteration nr: 90. Iteration nr: 91. Calculated 48 actions. Lowest cost is 293.
Calculated 48 actions. Lowest cost is 293.
Iteration nr: 91. Iteration nr: 92. Calculated 48 actions. Lowest cost is 292.
Calculated 48 actions. Lowest cost is 292.
Iteration nr: 92. Iteration nr: 93. Calculated 48 actions. Lowest cost is 291.
Calculated 48 actions. Lowest cost is 291.
Iteration nr: 93. Iteration nr: 94. Calculated 48 actions. Lowest cost is 290.
Calculated 48 actions. Lowest cost is 290.
Iteration nr: 94. Iteration nr: 95. Calculated 48 actions. Lowest cost is 289.
Calculated 48 actions. Lowest cost is 289.
Iteration nr: 95. Iteration nr: 96. Calculated 48 actions. Lowest cost is 288.
Calculated 48 actions. Lowest cost is 288.
Iteration nr: 96. Iteration nr: 97. Calculated 48 actions. Lowest cost is 287.
Calculated 48 actions. Lowest cost is 287.
Iteration nr: 97. Iteration nr: 98. Calculated 48 actions. Lowest cost is 286.
Calculated 48 actions. Lowest cost is 286.
Iteration nr: 98. Iteration nr: 99. Calculated 48 actions. Lowest cost is 286.
Calculated 48 actions. Lowest cost is 286.
Iteration nr: 99. Iteration nr: 100. Calculated 48 actions. Lowest cost is 285.
Calculated 48 actions. Lowest cost is 285.
Iteration nr: 100. Iteration nr: 101. Calculated 48 actions. Lowest cost is 285.
Calculated 48 actions. Lowest cost is 285.
Iteration nr: 101. Iteration nr: 102. Calculated 48 actions. Lowest cost is 284.
Calculated 48 actions. Lowest cost is 284.
Iteration nr: 102. Iteration nr: 103. Calculated 48 actions. Lowest cost is 284.
Calculated 48 actions. Lowest cost is 284.
Iteration nr: 103. Iteration nr: 104. Calculated 48 actions. Lowest cost is 283.
Calculated 48 actions. Lowest cost is 283.
Iteration nr: 104. Iteration nr: 105. Calculated 48 actions. Lowest cost is 283.
Calculated 48 actions. Lowest cost is 283.
Iteration nr: 105. Iteration nr: 106. Calculated 48 actions. Lowest cost is 282.
Calculated 48 actions. Lowest cost is 282.
Iteration nr: 106. Iteration nr: 107. Calculated 48 actions. Lowest cost is 282.
Calculated 48 actions. Lowest cost is 282.
Iteration nr: 107. Iteration nr: 108. Calculated 48 actions. Lowest cost is 281.
Calculated 48 actions. Lowest cost is 281.
Iteration nr: 108. Iteration nr: 109. Calculated 48 actions. Lowest cost is 281.
Calculated 48 actions. Lowest cost is 281.
Iteration nr: 109. Iteration nr: 110. Calculated 48 actions. Lowest cost is 280.
Calculated 48 actions. Lowest cost is 280.
Iteration nr: 110. Iteration nr: 111. Calculated 48 actions. Lowest cost is 280.
Calculated 48 actions. Lowest cost is 280.
Iteration nr: 111. Iteration nr: 112. Calculated 48 actions. Lowest cost is 279.
Calculated 48 actions. Lowest cost is 279.
Iteration nr: 112. Iteration nr: 113. Calculated 48 actions. Lowest cost is 279.
Calculated 48 actions. Lowest cost is 279.
Iteration nr: 113. Iteration nr: 114. Calculated 48 actions. Lowest cost is 278.
Calculated 48 actions. Lowest cost is 278.
Iteration nr: 114. Iteration nr: 115. Calculated 48 actions. Lowest cost is 278.
Calculated 48 actions. Lowest cost is 278.
Iteration nr: 115. Iteration nr: 116. Calculated 48 actions. Lowest cost is 277.
Calculated 48 actions. Lowest cost is 277.
Iteration nr: 116. Iteration nr: 117. Calculated 48 actions. Lowest cost is 277.
Calculated 48 actions. Lowest cost is 277.
Iteration nr: 117. Iteration nr: 118. Calculated 48 actions. Lowest cost is 276.
Calculated 48 actions. Lowest cost is 276.
Iteration nr: 118. Iteration nr: 119. Calculated 48 actions. Lowest cost is 276.
Calculated 48 actions. Lowest cost is 276.
Iteration nr: 119. Iteration nr: 120. Calculated 48 actions. Lowest cost is 275.
Calculated 48 actions. Lowest cost is 275.
Iteration nr: 120. Iteration nr: 121. Calculated 48 actions. Lowest cost is 275.
Calculated 48 actions. Lowest cost is 275.
Iteration nr: 121. Iteration nr: 122. Calculated 48 actions. Lowest cost is 274.
Calculated 48 actions. Lowest cost is 274.
Iteration nr: 122. Iteration nr: 123. Calculated 48 actions. Lowest cost is 274.
Calculated 48 actions. Lowest cost is 274.
Iteration nr: 123. Iteration nr: 124. Calculated 48 actions. Lowest cost is 273.
Calculated 48 actions. Lowest cost is 273.
Iteration nr: 124. Iteration nr: 125. Calculated 48 actions. Lowest cost is 273.
Calculated 48 actions. Lowest cost is 273.
Iteration nr: 125. Iteration nr: 126. Calculated 48 actions. Lowest cost is 272.
Calculated 48 actions. Lowest cost is 272.
Iteration nr: 126. Iteration nr: 127. Calculated 48 actions. Lowest cost is 272.
Calculated 48 actions. Lowest cost is 272.
Iteration nr: 127. Iteration nr: 128. Calculated 48 actions. Lowest cost is 271.
Calculated 48 actions. Lowest cost is 271.
Iteration nr: 128. Iteration nr: 129. Calculated 48 actions. Lowest cost is 271.
Calculated 48 actions. Lowest cost is 271.
Iteration nr: 129. Iteration nr: 130. Calculated 48 actions. Lowest cost is 270.
Calculated 48 actions. Lowest cost is 270.
Iteration nr: 130. Iteration nr: 131. Calculated 48 actions. Lowest cost is 270.
Calculated 48 actions. Lowest cost is 270.
Iteration nr: 131. Iteration nr: 132. Calculated 48 actions. Lowest cost is 269.
Calculated 48 actions. Lowest cost is 269.
Iteration nr: 132. Iteration nr: 133. Calculated 48 actions. Lowest cost is 269.
Calculated 48 actions. Lowest cost is 269.
Iteration nr: 133. Iteration nr: 134. Calculated 48 actions. Lowest cost is 268.
Calculated 48 actions. Lowest cost is 268.
Iteration nr: 134. Iteration nr: 135. Calculated 48 actions. Lowest cost is 268.
Calculated 48 actions. Lowest cost is 268.
Iteration nr: 135. Iteration nr: 136. Calculated 48 actions. Lowest cost is 267.
Calculated 48 actions. Lowest cost is 267.
Iteration nr: 136. Iteration nr: 137. Calculated 48 actions. Lowest cost is 267.
Calculated 48 actions. Lowest cost is 267.
Iteration nr: 137. Iteration nr: 138. Calculated 48 actions. Lowest cost is 266.
Calculated 48 actions. Lowest cost is 266.
Iteration nr: 138. Iteration nr: 139. Calculated 48 actions. Lowest cost is 266.
Calculated 48 actions. Lowest cost is 266.
Iteration nr: 139. Iteration nr: 140. Calculated 48 actions. Lowest cost is 265.
Calculated 48 actions. Lowest cost is 265.
Iteration nr: 140. Iteration nr: 141. Calculated 48 actions. Lowest cost is 265.
Calculated 48 actions. Lowest cost is 265.
Iteration nr: 141. Iteration nr: 142. Calculated 48 actions. Lowest cost is 264.
Calculated 48 actions. Lowest cost is 264.
Iteration nr: 142. Iteration nr: 143. Calculated 48 actions. Lowest cost is 264.
Calculated 48 actions. Lowest cost is 264.
Iteration nr: 143. Iteration nr: 144. Calculated 48 actions. Lowest cost is 263.
Calculated 48 actions. Lowest cost is 263.
Iteration nr: 144. Iteration nr: 145. Calculated 48 actions. Lowest cost is 263.
Calculated 48 actions. Lowest cost is 263.
Iteration nr: 145. Iteration nr: 146. Calculated 48 actions. Lowest cost is 262.
Calculated 48 actions. Lowest cost is 262.
Iteration nr: 146. Iteration nr: 147. Calculated 48 actions. Lowest cost is 262.
Calculated 48 actions. Lowest cost is 262.
Iteration nr: 147. Iteration nr: 148. Calculated 48 actions. Lowest cost is 261.
Calculated 48 actions. Lowest cost is 261.
Iteration nr: 148. Iteration nr: 149. Calculated 48 actions. Lowest cost is 261.
Calculated 48 actions. Lowest cost is 261.
Iteration nr: 149. Iteration nr: 150. Calculated 48 actions. Lowest cost is 260.
Calculated 48 actions. Lowest cost is 260.
Iteration nr: 150. Iteration nr: 151. Calculated 48 actions. Lowest cost is 260.
Calculated 48 actions. Lowest cost is 260.
Iteration nr: 151. Iteration nr: 152. Calculated 48 actions. Lowest cost is 259.
Calculated 48 actions. Lowest cost is 259.
Iteration nr: 152. Iteration nr: 153. Calculated 48 actions. Lowest cost is 259.
Calculated 48 actions. Lowest cost is 259.
Iteration nr: 153. Iteration nr: 154. Calculated 48 actions. Lowest cost is 258.
Calculated 48 actions. Lowest cost is 258.
Iteration nr: 154. Iteration nr: 155. Calculated 48 actions. Lowest cost is 258.
Calculated 48 actions. Lowest cost is 258.
Iteration nr: 155. Iteration nr: 156. Calculated 48 actions. Lowest cost is 257.
Calculated 48 actions. Lowest cost is 257.
Iteration nr: 156. Iteration nr: 157. Calculated 48 actions. Lowest cost is 257.
Calculated 48 actions. Lowest cost is 257.
Iteration nr: 157. Iteration nr: 158. Calculated 48 actions. Lowest cost is 256.
Calculated 48 actions. Lowest cost is 256.
Iteration nr: 158. Iteration nr: 159. Calculated 48 actions. Lowest cost is 256.
Calculated 48 actions. Lowest cost is 256.
Iteration nr: 159. Iteration nr: 160. Calculated 48 actions. Lowest cost is 255.
Calculated 48 actions. Lowest cost is 255.
Iteration nr: 160. Iteration nr: 161. Calculated 48 actions. Lowest cost is 255.
Calculated 48 actions. Lowest cost is 255.
Iteration nr: 161. Iteration nr: 162. Calculated 48 actions. Lowest cost is 254.
Calculated 48 actions. Lowest cost is 254.
Iteration nr: 162. Iteration nr: 163. Calculated 48 actions. Lowest cost is 254.
Calculated 48 actions. Lowest cost is 254.
Iteration nr: 163. Iteration nr: 164. Calculated 48 actions. Lowest cost is 253.
Calculated 48 actions. Lowest cost is 253.
Iteration nr: 164. Iteration nr: 165. Calculated 48 actions. Lowest cost is 253.
Calculated 48 actions. Lowest cost is 253.
Iteration nr: 165. Iteration nr: 166. Calculated 48 actions. Lowest cost is 252.
Calculated 48 actions. Lowest cost is 252.
Iteration nr: 166. Iteration nr: 167. Calculated 48 actions. Lowest cost is 252.
Calculated 48 actions. Lowest cost is 252.
Iteration nr: 167. Iteration nr: 168. Calculated 48 actions. Lowest cost is 251.
Calculated 48 actions. Lowest cost is 251.
Iteration nr: 168. Iteration nr: 169. Calculated 48 actions. Lowest cost is 251.
Calculated 48 actions. Lowest cost is 251.
Iteration nr: 169. Iteration nr: 170. Calculated 48 actions. Lowest cost is 250.
Calculated 48 actions. Lowest cost is 250.
Iteration nr: 170. Iteration nr: 171. Calculated 48 actions. Lowest cost is 250.
Calculated 48 actions. Lowest cost is 250.
Iteration nr: 171. Iteration nr: 172. Calculated 48 actions. Lowest cost is 249.
Calculated 48 actions. Lowest cost is 249.
Iteration nr: 172. Iteration nr: 173. Calculated 48 actions. Lowest cost is 249.
Calculated 48 actions. Lowest cost is 249.
Iteration nr: 173. Iteration nr: 174. Calculated 48 actions. Lowest cost is 248.
Calculated 48 actions. Lowest cost is 248.
Iteration nr: 174. Iteration nr: 175. Calculated 48 actions. Lowest cost is 248.
Calculated 48 actions. Lowest cost is 248.
Iteration nr: 175. Iteration nr: 176. Calculated 48 actions. Lowest cost is 247.
Calculated 48 actions. Lowest cost is 247.
Iteration nr: 176. Iteration nr: 177. Calculated 48 actions. Lowest cost is 247.
Calculated 48 actions. Lowest cost is 247.
Iteration nr: 177. Iteration nr: 178. Calculated 48 actions. Lowest cost is 246.
Calculated 48 actions. Lowest cost is 246.
Iteration nr: 178. Iteration nr: 179. Calculated 48 actions. Lowest cost is 246.
Calculated 48 actions. Lowest cost is 246.
Iteration nr: 179. Iteration nr: 180. Calculated 48 actions. Lowest cost is 245.
Calculated 48 actions. Lowest cost is 245.
Iteration nr: 180. Iteration nr: 181. Calculated 48 actions. Lowest cost is 245.
Calculated 48 actions. Lowest cost is 245.
Iteration nr: 181. Iteration nr: 182. Calculated 48 actions. Lowest cost is 244.
Calculated 48 actions. Lowest cost is 244.
Iteration nr: 182. Iteration nr: 183. Calculated 48 actions. Lowest cost is 244.
Calculated 48 actions. Lowest cost is 244.
Iteration nr: 183. Iteration nr: 184. Calculated 48 actions. Lowest cost is 243.
Calculated 48 actions. Lowest cost is 243.
Iteration nr: 184. Iteration nr: 185. Calculated 48 actions. Lowest cost is 243.
Calculated 48 actions. Lowest cost is 243.
Iteration nr: 185. Iteration nr: 186. Calculated 48 actions. Lowest cost is 242.
Calculated 48 actions. Lowest cost is 242.
Iteration nr: 186. Iteration nr: 187. Calculated 48 actions. Lowest cost is 242.
Calculated 48 actions. Lowest cost is 242.
Iteration nr: 187. Iteration nr: 188. Calculated 48 actions. Lowest cost is 241.
Calculated 48 actions. Lowest cost is 241.
Iteration nr: 188. Iteration nr: 189. Calculated 48 actions. Lowest cost is 241.
Calculated 48 actions. Lowest cost is 241.
Iteration nr: 189. Iteration nr: 190. Calculated 48 actions. Lowest cost is 240.
Calculated 48 actions. Lowest cost is 240.
Iteration nr: 190. Iteration nr: 191. Calculated 48 actions. Lowest cost is 240.
Calculated 48 actions. Lowest cost is 240.
Iteration nr: 191. Iteration nr: 192. Calculated 48 actions. Lowest cost is 239.
Calculated 48 actions. Lowest cost is 239.
Iteration nr: 192. Iteration nr: 193. Calculated 48 actions. Lowest cost is 239.
Calculated 48 actions. Lowest cost is 239.
Iteration nr: 193. Iteration nr: 194. Calculated 48 actions. Lowest cost is 238.
Calculated 48 actions. Lowest cost is 238.
Iteration nr: 194. Iteration nr: 195. Calculated 48 actions. Lowest cost is 238.
Calculated 48 actions. Lowest cost is 238.
Iteration nr: 195. Iteration nr: 196. Calculated 48 actions. Lowest cost is 237.
Calculated 48 actions. Lowest cost is 237.
Iteration nr: 196. Iteration nr: 197. Calculated 48 actions. Lowest cost is 237.
Calculated 48 actions. Lowest cost is 237.
Iteration nr: 197. Iteration nr: 198. Calculated 48 actions. Lowest cost is 236.
Calculated 48 actions. Lowest cost is 236.
Iteration nr: 198. Iteration nr: 199. Calculated 48 actions. Lowest cost is 236.
Calculated 48 actions. Lowest cost is 236.
Iteration nr: 199. Iteration nr: 200. Calculated 48 actions. Lowest cost is 235.
Calculated 48 actions. Lowest cost is 235.
Iteration nr: 200. Iteration nr: 201. Calculated 48 actions. Lowest cost is 235.
Calculated 48 actions. Lowest cost is 235.
Iteration nr: 201. Iteration nr: 202. Calculated 48 actions. Lowest cost is 234.
Calculated 48 actions. Lowest cost is 234.
Iteration nr: 202. Iteration nr: 203. Calculated 48 actions. Lowest cost is 234.
Calculated 48 actions. Lowest cost is 234.
Iteration nr: 203. Iteration nr: 204. Calculated 48 actions. Lowest cost is 233.
Calculated 48 actions. Lowest cost is 233.
Iteration nr: 204. Iteration nr: 205. Calculated 48 actions. Lowest cost is 233.
Calculated 48 actions. Lowest cost is 233.
Iteration nr: 205. Iteration nr: 206. Calculated 48 actions. Lowest cost is 232.
Calculated 48 actions. Lowest cost is 232.
Iteration nr: 206. Iteration nr: 207. Calculated 48 actions. Lowest cost is 232.
Calculated 48 actions. Lowest cost is 232.
Iteration nr: 207. Iteration nr: 208. Calculated 48 actions. Lowest cost is 231.
Calculated 48 actions. Lowest cost is 231.
Iteration nr: 208. Iteration nr: 209. Calculated 48 actions. Lowest cost is 231.
Calculated 48 actions. Lowest cost is 231.
Iteration nr: 209. Iteration nr: 210. Calculated 48 actions. Lowest cost is 230.
Calculated 48 actions. Lowest cost is 230.
Iteration nr: 210. Iteration nr: 211. Calculated 48 actions. Lowest cost is 230.
Calculated 48 actions. Lowest cost is 230.
Iteration nr: 211. Iteration nr: 212. Calculated 48 actions. Lowest cost is 229.
Calculated 48 actions. Lowest cost is 229.
Iteration nr: 212. Iteration nr: 213. Calculated 48 actions. Lowest cost is 229.
Calculated 48 actions. Lowest cost is 229.
Iteration nr: 213. Iteration nr: 214. Calculated 48 actions. Lowest cost is 228.
Calculated 48 actions. Lowest cost is 228.
Iteration nr: 214. Iteration nr: 215. Calculated 48 actions. Lowest cost is 228.
Calculated 48 actions. Lowest cost is 228.
Iteration nr: 215. Iteration nr: 216. Calculated 48 actions. Lowest cost is 227.
Calculated 48 actions. Lowest cost is 227.
Iteration nr: 216. Iteration nr: 217. Calculated 48 actions. Lowest cost is 227.
Calculated 48 actions. Lowest cost is 227.
Iteration nr: 217. Iteration nr: 218. Calculated 48 actions. Lowest cost is 226.
Calculated 48 actions. Lowest cost is 226.
Iteration nr: 218. Iteration nr: 219. Calculated 48 actions. Lowest cost is 226.
Calculated 48 actions. Lowest cost is 226.
Iteration nr: 219. Iteration nr: 220. Calculated 48 actions. Lowest cost is 225.
Calculated 48 actions. Lowest cost is 225.
Iteration nr: 220. Iteration nr: 221. Calculated 48 actions. Lowest cost is 225.
Calculated 48 actions. Lowest cost is 225.
Iteration nr: 221. Iteration nr: 222. Calculated 48 actions. Lowest cost is 224.
Calculated 48 actions. Lowest cost is 224.
Iteration nr: 222. Iteration nr: 223. Calculated 48 actions. Lowest cost is 224.
Calculated 48 actions. Lowest cost is 224.
Iteration nr: 223. Iteration nr: 224. Calculated 48 actions. Lowest cost is 223.
Calculated 48 actions. Lowest cost is 223.
Iteration nr: 224. Iteration nr: 225. Calculated 48 actions. Lowest cost is 223.
Calculated 48 actions. Lowest cost is 223.
Iteration nr: 225. Iteration nr: 226. Calculated 48 actions. Lowest cost is 222.
Calculated 48 actions. Lowest cost is 222.
Iteration nr: 226. Iteration nr: 227. Calculated 48 actions. Lowest cost is 222.
Calculated 48 actions. Lowest cost is 222.
Iteration nr: 227. Iteration nr: 228. Calculated 48 actions. Lowest cost is 221.
Calculated 48 actions. Lowest cost is 221.
Iteration nr: 228. Iteration nr: 229. Calculated 48 actions. Lowest cost is 221.
Calculated 48 actions. Lowest cost is 221.
Iteration nr: 229. Iteration nr: 230. Calculated 48 actions. Lowest cost is 220.
Calculated 48 actions. Lowest cost is 220.
Iteration nr: 230. Iteration nr: 231. Calculated 48 actions. Lowest cost is 220.
Calculated 48 actions. Lowest cost is 220.
Iteration nr: 231. Iteration nr: 232. Calculated 48 actions. Lowest cost is 219.
Calculated 48 actions. Lowest cost is 219.
Iteration nr: 232. Iteration nr: 233. Calculated 48 actions. Lowest cost is 219.
Calculated 48 actions. Lowest cost is 219.
Iteration nr: 233. Iteration nr: 234. Calculated 48 actions. Lowest cost is 218.
Calculated 48 actions. Lowest cost is 218.
Iteration nr: 234. Iteration nr: 235. Calculated 48 actions. Lowest cost is 218.
Calculated 48 actions. Lowest cost is 218.
Iteration nr: 235. Iteration nr: 236. Calculated 48 actions. Lowest cost is 217.
Calculated 48 actions. Lowest cost is 217.
Iteration nr: 236. Iteration nr: 237. Calculated 48 actions. Lowest cost is 217.
Calculated 48 actions. Lowest cost is 217.
Iteration nr: 237. Iteration nr: 238. Calculated 48 actions. Lowest cost is 216.
Calculated 48 actions. Lowest cost is 216.
Iteration nr: 238. Iteration nr: 239. Calculated 48 actions. Lowest cost is 216.
Calculated 48 actions. Lowest cost is 216.
Iteration nr: 239. Iteration nr: 240. Calculated 48 actions. Lowest cost is 215.
Calculated 48 actions. Lowest cost is 215.
Iteration nr: 240. Iteration nr: 241. Calculated 48 actions. Lowest cost is 215.
Calculated 48 actions. Lowest cost is 215.
Iteration nr: 241. Iteration nr: 242. Calculated 48 actions. Lowest cost is 214.
Calculated 48 actions. Lowest cost is 214.
Iteration nr: 242. Iteration nr: 243. Calculated 48 actions. Lowest cost is 214.
Calculated 48 actions. Lowest cost is 214.
Iteration nr: 243. Iteration nr: 244. Calculated 48 actions. Lowest cost is 213.
Calculated 48 actions. Lowest cost is 213.
Iteration nr: 244. Iteration nr: 245. Calculated 48 actions. Lowest cost is 213.
Calculated 48 actions. Lowest cost is 213.
Iteration nr: 245. Iteration nr: 246. Calculated 48 actions. Lowest cost is 212.
Calculated 48 actions. Lowest cost is 212.
Iteration nr: 246. Iteration nr: 247. Calculated 48 actions. Lowest cost is 212.
Calculated 48 actions. Lowest cost is 212.
Iteration nr: 247. Iteration nr: 248. Calculated 48 actions. Lowest cost is 211.
Calculated 48 actions. Lowest cost is 211.
Iteration nr: 248. Iteration nr: 249. Calculated 48 actions. Lowest cost is 211.
Calculated 48 actions. Lowest cost is 211.
Iteration nr: 249. Iteration nr: 250. Calculated 48 actions. Lowest cost is 210.
Calculated 48 actions. Lowest cost is 210.
Iteration nr: 250. Iteration nr: 251. Calculated 48 actions. Lowest cost is 210.
Calculated 48 actions. Lowest cost is 210.
Iteration nr: 251. Iteration nr: 252. Calculated 48 actions. Lowest cost is 209.
Calculated 48 actions. Lowest cost is 209.
Iteration nr: 252. Iteration nr: 253. Calculated 48 actions. Lowest cost is 209.
Calculated 48 actions. Lowest cost is 209.
Iteration nr: 253. Iteration nr: 254. Calculated 48 actions. Lowest cost is 208.
Calculated 48 actions. Lowest cost is 208.
Iteration nr: 254. Iteration nr: 255. Calculated 48 actions. Lowest cost is 208.
Calculated 48 actions. Lowest cost is 208.
Iteration nr: 255. Iteration nr: 256. Calculated 48 actions. Lowest cost is 207.
Calculated 48 actions. Lowest cost is 207.
Iteration nr: 256. Iteration nr: 257. Calculated 48 actions. Lowest cost is 207.
Calculated 48 actions. Lowest cost is 207.
Iteration nr: 257. Iteration nr: 258. Calculated 48 actions. Lowest cost is 206.
Calculated 48 actions. Lowest cost is 206.
Iteration nr: 258. Iteration nr: 259. Calculated 48 actions. Lowest cost is 206.
Calculated 48 actions. Lowest cost is 206.
Iteration nr: 259. Iteration nr: 260. Calculated 48 actions. Lowest cost is 205.
Calculated 48 actions. Lowest cost is 205.
Iteration nr: 260. Iteration nr: 261. Calculated 48 actions. Lowest cost is 205.
Calculated 48 actions. Lowest cost is 205.
Iteration nr: 261. Iteration nr: 262. Calculated 48 actions. Lowest cost is 204.
Calculated 48 actions. Lowest cost is 204.
Iteration nr: 262. Iteration nr: 263. Calculated 48 actions. Lowest cost is 204.
Calculated 48 actions. Lowest cost is 204.
Iteration nr: 263. Iteration nr: 264. Calculated 48 actions. Lowest cost is 203.
Calculated 48 actions. Lowest cost is 203.
Iteration nr: 264. Iteration nr: 265. Calculated 48 actions. Lowest cost is 203.
Calculated 48 actions. Lowest cost is 203.
Iteration nr: 265. Iteration nr: 266. Calculated 48 actions. Lowest cost is 202.
Calculated 48 actions. Lowest cost is 202.
Iteration nr: 266. Iteration nr: 267. Calculated 48 actions. Lowest cost is 202.
Calculated 48 actions. Lowest cost is 202.
Iteration nr: 267. Iteration nr: 268. Calculated 48 actions. Lowest cost is 201.
Calculated 48 actions. Lowest cost is 201.
Iteration nr: 268. Iteration nr: 269. Calculated 48 actions. Lowest cost is 201.
Calculated 48 actions. Lowest cost is 201.
Iteration nr: 269. Iteration nr: 270. Calculated 48 actions. Lowest cost is 200.
Calculated 48 actions. Lowest cost is 200.
Iteration nr: 270. Iteration nr: 271. Calculated 48 actions. Lowest cost is 200.
Calculated 48 actions. Lowest cost is 200.
Iteration nr: 271. Iteration nr: 272. Calculated 48 actions. Lowest cost is 199.
Calculated 48 actions. Lowest cost is 199.
Iteration nr: 272. Iteration nr: 273. Calculated 48 actions. Lowest cost is 199.
Calculated 48 actions. Lowest cost is 199.
Iteration nr: 273. Iteration nr: 274. Calculated 48 actions. Lowest cost is 198.
Calculated 48 actions. Lowest cost is 198.
Iteration nr: 274. Iteration nr: 275. Calculated 48 actions. Lowest cost is 198.
Calculated 48 actions. Lowest cost is 198.
Iteration nr: 275. Iteration nr: 276. Calculated 48 actions. Lowest cost is 197.
Calculated 48 actions. Lowest cost is 197.
Iteration nr: 276. Iteration nr: 277. Calculated 48 actions. Lowest cost is 197.
Calculated 48 actions. Lowest cost is 197.
Iteration nr: 277. Iteration nr: 278. Calculated 48 actions. Lowest cost is 196.
Calculated 48 actions. Lowest cost is 196.
Iteration nr: 278. Iteration nr: 279. Calculated 48 actions. Lowest cost is 196.
Calculated 48 actions. Lowest cost is 196.
Iteration nr: 279. Iteration nr: 280. Calculated 48 actions. Lowest cost is 195.
Calculated 48 actions. Lowest cost is 195.
Iteration nr: 280. Iteration nr: 281. Calculated 48 actions. Lowest cost is 195.
Calculated 48 actions. Lowest cost is 195.
Iteration nr: 281. Iteration nr: 282. Calculated 48 actions. Lowest cost is 194.
Calculated 48 actions. Lowest cost is 194.
Iteration nr: 282. Iteration nr: 283. Calculated 48 actions. Lowest cost is 194.
Calculated 48 actions. Lowest cost is 194.
Iteration nr: 283. Iteration nr: 284. Calculated 48 actions. Lowest cost is 193.
Calculated 48 actions. Lowest cost is 193.
Iteration nr: 284. Iteration nr: 285. Calculated 48 actions. Lowest cost is 193.
Calculated 48 actions. Lowest cost is 193.
Iteration nr: 285. Iteration nr: 286. Calculated 48 actions. Lowest cost is 192.
Calculated 48 actions. Lowest cost is 192.
Iteration nr: 286. Iteration nr: 287. Calculated 48 actions. Lowest cost is 192.
Calculated 48 actions. Lowest cost is 192.
Iteration nr: 287. Iteration nr: 288. Calculated 48 actions. Lowest cost is 191.
Calculated 48 actions. Lowest cost is 191.
Iteration nr: 288. Iteration nr: 289. Calculated 48 actions. Lowest cost is 191.
Calculated 48 actions. Lowest cost is 191.
Iteration nr: 289. Iteration nr: 290. Calculated 48 actions. Lowest cost is 190.
Calculated 48 actions. Lowest cost is 190.
Iteration nr: 290. Iteration nr: 291. Calculated 48 actions. Lowest cost is 190.
Calculated 48 actions. Lowest cost is 190.
Iteration nr: 291. Iteration nr: 292. Calculated 48 actions. Lowest cost is 189.
Calculated 48 actions. Lowest cost is 189.
Iteration nr: 292. Iteration nr: 293. Calculated 48 actions. Lowest cost is 189.
Calculated 48 actions. Lowest cost is 189.
Iteration nr: 293. Iteration nr: 294. Calculated 48 actions. Lowest cost is 188.
Calculated 48 actions. Lowest cost is 188.
Iteration nr: 294. Iteration nr: 295. Calculated 48 actions. Lowest cost is 188.
Calculated 48 actions. Lowest cost is 188.
Iteration nr: 295. Iteration nr: 296. Calculated 48 actions. Lowest cost is 187.
Calculated 48 actions. Lowest cost is 187.
Iteration nr: 296. Iteration nr: 297. Calculated 48 actions. Lowest cost is 187.
Calculated 48 actions. Lowest cost is 187.
Iteration nr: 297. Iteration nr: 298. Calculated 48 actions. Lowest cost is 186.
Calculated 48 actions. Lowest cost is 186.
Iteration nr: 298. Iteration nr: 299. Calculated 48 actions. Lowest cost is 186.
Calculated 48 actions. Lowest cost is 186.
Iteration nr: 299. Iteration nr: 300. Calculated 48 actions. Lowest cost is 185.
Calculated 48 actions. Lowest cost is 185.
Iteration nr: 300. Iteration nr: 301. Calculated 48 actions. Lowest cost is 185.
Calculated 48 actions. Lowest cost is 185.
Iteration nr: 301. Iteration nr: 302. Calculated 48 actions. Lowest cost is 184.
Calculated 48 actions. Lowest cost is 184.
Iteration nr: 302. Iteration nr: 303. Calculated 48 actions. Lowest cost is 184.
Calculated 48 actions. Lowest cost is 184.
Iteration nr: 303. Iteration nr: 304. Calculated 48 actions. Lowest cost is 183.
Calculated 48 actions. Lowest cost is 183.
Iteration nr: 304. Iteration nr: 305. Calculated 48 actions. Lowest cost is 183.
Calculated 48 actions. Lowest cost is 183.
Iteration nr: 305. Iteration nr: 306. Calculated 48 actions. Lowest cost is 182.
Calculated 48 actions. Lowest cost is 182.
Iteration nr: 306. Iteration nr: 307. Calculated 48 actions. Lowest cost is 182.
Calculated 48 actions. Lowest cost is 182.
Iteration nr: 307. Iteration nr: 308. Calculated 48 actions. Lowest cost is 181.
Calculated 48 actions. Lowest cost is 181.
Iteration nr: 308. Iteration nr: 309. Calculated 48 actions. Lowest cost is 181.
Calculated 48 actions. Lowest cost is 181.
Iteration nr: 309. Iteration nr: 310. Calculated 48 actions. Lowest cost is 180.
Calculated 48 actions. Lowest cost is 180.
Iteration nr: 310. Iteration nr: 311. Calculated 48 actions. Lowest cost is 180.
Calculated 48 actions. Lowest cost is 180.
Iteration nr: 311. Iteration nr: 312. Calculated 48 actions. Lowest cost is 179.
Calculated 48 actions. Lowest cost is 179.
Iteration nr: 312. Iteration nr: 313. Calculated 48 actions. Lowest cost is 179.
Calculated 48 actions. Lowest cost is 179.
Iteration nr: 313. Iteration nr: 314. Calculated 48 actions. Lowest cost is 178.
Calculated 48 actions. Lowest cost is 178.
Iteration nr: 314. Iteration nr: 315. Calculated 48 actions. Lowest cost is 178.
Calculated 48 actions. Lowest cost is 178.
Iteration nr: 315. Iteration nr: 316. Calculated 48 actions. Lowest cost is 177.
Calculated 48 actions. Lowest cost is 177.
Iteration nr: 316. Iteration nr: 317. Calculated 48 actions. Lowest cost is 177.
Calculated 48 actions. Lowest cost is 177.
Iteration nr: 317. Iteration nr: 318. Calculated 48 actions. Lowest cost is 177.
Calculated 48 actions. Lowest cost is 177.
Iteration nr: 318. Iteration nr: 319. Calculated 48 actions. Lowest cost is 177.
Calculated 48 actions. Lowest cost is 177.
Iteration nr: 319. Iteration nr: 320. Calculated 48 actions. Lowest cost is 176.
Calculated 48 actions. Lowest cost is 176.
Iteration nr: 320. Iteration nr: 321. Calculated 48 actions. Lowest cost is 176.
Calculated 48 actions. Lowest cost is 176.
Iteration nr: 321. Iteration nr: 322. Calculated 48 actions. Lowest cost is 176.
Calculated 48 actions. Lowest cost is 176.
Iteration nr: 322. Iteration nr: 323. Calculated 48 actions. Lowest cost is 176.
Calculated 48 actions. Lowest cost is 176.
Iteration nr: 323. Iteration nr: 324. Calculated 48 actions. Lowest cost is 175.
Calculated 48 actions. Lowest cost is 175.
Iteration nr: 324. Iteration nr: 325. Calculated 48 actions. Lowest cost is 175.
Calculated 48 actions. Lowest cost is 175.
Iteration nr: 325. Iteration nr: 326. Calculated 48 actions. Lowest cost is 175.
Calculated 48 actions. Lowest cost is 175.
Iteration nr: 326. Iteration nr: 327. Calculated 48 actions. Lowest cost is 175.
Calculated 48 actions. Lowest cost is 175.
Iteration nr: 327. Iteration nr: 328. Calculated 48 actions. Lowest cost is 174.
Calculated 48 actions. Lowest cost is 174.
Iteration nr: 328. Iteration nr: 329. Calculated 48 actions. Lowest cost is 174.
Calculated 48 actions. Lowest cost is 174.
Iteration nr: 329. Iteration nr: 330. Calculated 48 actions. Lowest cost is 174.
Calculated 48 actions. Lowest cost is 174.
Iteration nr: 330. Iteration nr: 331. Calculated 48 actions. Lowest cost is 174.
Calculated 48 actions. Lowest cost is 174.
Iteration nr: 331. Iteration nr: 332. Calculated 48 actions. Lowest cost is 173.
Calculated 48 actions. Lowest cost is 173.
Iteration nr: 332. Iteration nr: 333. Calculated 48 actions. Lowest cost is 173.
Calculated 48 actions. Lowest cost is 173.
Iteration nr: 333. Iteration nr: 334. Calculated 48 actions. Lowest cost is 173.
Calculated 48 actions. Lowest cost is 173.
Iteration nr: 334. Iteration nr: 335. Calculated 48 actions. Lowest cost is 173.
Calculated 48 actions. Lowest cost is 173.
Iteration nr: 335. Iteration nr: 336. Calculated 48 actions. Lowest cost is 172.
Calculated 48 actions. Lowest cost is 172.
Iteration nr: 336. Iteration nr: 337. Calculated 48 actions. Lowest cost is 172.
Calculated 48 actions. Lowest cost is 172.
Iteration nr: 337. Iteration nr: 338. Calculated 48 actions. Lowest cost is 172.
Calculated 48 actions. Lowest cost is 172.
Iteration nr: 338. Iteration nr: 339. Calculated 48 actions. Lowest cost is 172.
Calculated 48 actions. Lowest cost is 172.
Iteration nr: 339. Iteration nr: 340. Calculated 48 actions. Lowest cost is 171.
Calculated 48 actions. Lowest cost is 171.
Iteration nr: 340. Iteration nr: 341. Calculated 48 actions. Lowest cost is 171.
Calculated 48 actions. Lowest cost is 171.
Iteration nr: 341. Iteration nr: 342. Calculated 48 actions. Lowest cost is 171.
Calculated 48 actions. Lowest cost is 171.
Iteration nr: 342. Iteration nr: 343. Calculated 48 actions. Lowest cost is 171.
Calculated 48 actions. Lowest cost is 171.
Iteration nr: 343. Iteration nr: 344. Calculated 48 actions. Lowest cost is 170.
Calculated 48 actions. Lowest cost is 170.
Iteration nr: 344. Iteration nr: 345. Calculated 48 actions. Lowest cost is 170.
Calculated 48 actions. Lowest cost is 170.
Iteration nr: 345. Iteration nr: 346. Calculated 48 actions. Lowest cost is 170.
Calculated 48 actions. Lowest cost is 170.
Iteration nr: 346. Iteration nr: 347. Calculated 48 actions. Lowest cost is 170.
Calculated 48 actions. Lowest cost is 170.
Iteration nr: 347. Iteration nr: 348. Calculated 48 actions. Lowest cost is 169.
Calculated 48 actions. Lowest cost is 169.
Iteration nr: 348. Iteration nr: 349. Calculated 48 actions. Lowest cost is 169.
Calculated 48 actions. Lowest cost is 169.
Iteration nr: 349. Iteration nr: 350. Calculated 48 actions. Lowest cost is 169.
Calculated 48 actions. Lowest cost is 169.
Iteration nr: 350. Iteration nr: 351. Calculated 48 actions. Lowest cost is 169.
Calculated 48 actions. Lowest cost is 169.
Iteration nr: 351. Iteration nr: 352. Calculated 48 actions. Lowest cost is 168.
Calculated 48 actions. Lowest cost is 168.
Iteration nr: 352. Iteration nr: 353. Calculated 48 actions. Lowest cost is 168.
Calculated 48 actions. Lowest cost is 168.
Iteration nr: 353. Iteration nr: 354. Calculated 48 actions. Lowest cost is 168.
Calculated 48 actions. Lowest cost is 168.
Iteration nr: 354. Iteration nr: 355. Calculated 48 actions. Lowest cost is 168.
Calculated 48 actions. Lowest cost is 168.
Iteration nr: 355. Iteration nr: 356. Calculated 48 actions. Lowest cost is 167.
Calculated 48 actions. Lowest cost is 167.
Iteration nr: 356. Iteration nr: 357. Calculated 48 actions. Lowest cost is 167.
Calculated 48 actions. Lowest cost is 167.
Iteration nr: 357. Iteration nr: 358. Calculated 48 actions. Lowest cost is 167.
Calculated 48 actions. Lowest cost is 167.
Iteration nr: 358. Iteration nr: 359. Calculated 48 actions. Lowest cost is 167.
Calculated 48 actions. Lowest cost is 167.
Iteration nr: 359. Iteration nr: 360. Calculated 48 actions. Lowest cost is 166.
Calculated 48 actions. Lowest cost is 166.
Iteration nr: 360. Iteration nr: 361. Calculated 48 actions. Lowest cost is 166.
Calculated 48 actions. Lowest cost is 166.
Iteration nr: 361. Iteration nr: 362. Calculated 48 actions. Lowest cost is 166.
Calculated 48 actions. Lowest cost is 166.
Iteration nr: 362. Iteration nr: 363. Calculated 48 actions. Lowest cost is 166.
Calculated 48 actions. Lowest cost is 166.
Iteration nr: 363. Iteration nr: 364. Calculated 48 actions. Lowest cost is 165.
Calculated 48 actions. Lowest cost is 165.
Iteration nr: 364. Iteration nr: 365. Calculated 48 actions. Lowest cost is 165.
Calculated 48 actions. Lowest cost is 165.
Iteration nr: 365. Iteration nr: 366. Calculated 48 actions. Lowest cost is 165.
Calculated 48 actions. Lowest cost is 165.
Iteration nr: 366. Iteration nr: 367. Calculated 48 actions. Lowest cost is 165.
Calculated 48 actions. Lowest cost is 165.
Iteration nr: 367. Iteration nr: 368. Calculated 48 actions. Lowest cost is 164.
Calculated 48 actions. Lowest cost is 164.
Iteration nr: 368. Iteration nr: 369. Calculated 48 actions. Lowest cost is 164.
Calculated 48 actions. Lowest cost is 164.
Iteration nr: 369. Iteration nr: 370. Calculated 48 actions. Lowest cost is 164.
Calculated 48 actions. Lowest cost is 164.
Iteration nr: 370. Iteration nr: 371. Calculated 48 actions. Lowest cost is 164.
Calculated 48 actions. Lowest cost is 164.
Iteration nr: 371. Iteration nr: 372. Calculated 48 actions. Lowest cost is 163.
Calculated 48 actions. Lowest cost is 163.
Iteration nr: 372. Iteration nr: 373. Calculated 48 actions. Lowest cost is 163.
Calculated 48 actions. Lowest cost is 163.
Iteration nr: 373. Iteration nr: 374. Calculated 48 actions. Lowest cost is 163.
Calculated 48 actions. Lowest cost is 163.
Iteration nr: 374. Iteration nr: 375. Calculated 48 actions. Lowest cost is 163.
Calculated 48 actions. Lowest cost is 163.
Iteration nr: 375. Iteration nr: 376. Calculated 48 actions. Lowest cost is 162.
Calculated 48 actions. Lowest cost is 162.
Iteration nr: 376. Iteration nr: 377. Calculated 48 actions. Lowest cost is 162.
Calculated 48 actions. Lowest cost is 162.
Iteration nr: 377. Iteration nr: 378. Calculated 48 actions. Lowest cost is 162.
Calculated 48 actions. Lowest cost is 162.
Iteration nr: 378. Iteration nr: 379. Calculated 48 actions. Lowest cost is 162.
Calculated 48 actions. Lowest cost is 162.
Iteration nr: 379. Iteration nr: 380. Calculated 48 actions. Lowest cost is 161.
Calculated 48 actions. Lowest cost is 161.
Iteration nr: 380. Iteration nr: 381. Calculated 48 actions. Lowest cost is 161.
Calculated 48 actions. Lowest cost is 161.
Iteration nr: 381. Iteration nr: 382. Calculated 48 actions. Lowest cost is 161.
Calculated 48 actions. Lowest cost is 161.
Iteration nr: 382. Iteration nr: 383. Calculated 48 actions. Lowest cost is 161.
Calculated 48 actions. Lowest cost is 161.
Iteration nr: 383. Iteration nr: 384. Calculated 48 actions. Lowest cost is 160.
Calculated 48 actions. Lowest cost is 160.
Iteration nr: 384. Iteration nr: 385. Calculated 48 actions. Lowest cost is 160.
Calculated 48 actions. Lowest cost is 160.
Iteration nr: 385. Iteration nr: 386. Calculated 48 actions. Lowest cost is 160.
Calculated 48 actions. Lowest cost is 160.
Iteration nr: 386. Iteration nr: 387. Calculated 48 actions. Lowest cost is 160.
Calculated 48 actions. Lowest cost is 160.
Iteration nr: 387. Iteration nr: 388. Calculated 48 actions. Lowest cost is 159.
Calculated 48 actions. Lowest cost is 159.
Iteration nr: 388. Iteration nr: 389. Calculated 48 actions. Lowest cost is 159.
Calculated 48 actions. Lowest cost is 159.
Iteration nr: 389. Iteration nr: 390. Calculated 48 actions. Lowest cost is 159.
Calculated 48 actions. Lowest cost is 159.
Iteration nr: 390. Iteration nr: 391. Calculated 48 actions. Lowest cost is 159.
Calculated 48 actions. Lowest cost is 159.
Iteration nr: 391. Iteration nr: 392. Calculated 48 actions. Lowest cost is 158.
Calculated 48 actions. Lowest cost is 158.
Iteration nr: 392. Iteration nr: 393. Calculated 48 actions. Lowest cost is 158.
Calculated 48 actions. Lowest cost is 158.
Iteration nr: 393. Iteration nr: 394. Calculated 48 actions. Lowest cost is 158.
Calculated 48 actions. Lowest cost is 158.
Iteration nr: 394. Iteration nr: 395. Calculated 48 actions. Lowest cost is 158.
Calculated 48 actions. Lowest cost is 158.
Iteration nr: 395. Iteration nr: 396. Calculated 48 actions. Lowest cost is 157.
Calculated 48 actions. Lowest cost is 157.
Iteration nr: 396. Iteration nr: 397. Calculated 48 actions. Lowest cost is 157.
Calculated 48 actions. Lowest cost is 157.
Iteration nr: 397. 